<?xml version="1.0" encoding="UTF-8"?>
<testng-results skipped="0" failed="0" ignored="0" total="2" passed="2">
  <reporter-output>
  </reporter-output>
  <suite name="All Test Suite" duration-ms="15" started-at="2020-04-16T15:42:27Z" finished-at="2020-04-16T15:42:27Z">
    <groups>
    </groups>
    <test name="E:/githubcode/Testng_test" duration-ms="15" started-at="2020-04-16T15:42:27Z" finished-at="2020-04-16T15:42:27Z">
      <class name="sort.TestDBConnection">
        <test-method status="PASS" signature="runOtherTest1()[pri:0, instance:sort.TestDBConnection@340b7ef6]" name="runOtherTest1" duration-ms="1" started-at="2020-04-16T15:42:27Z" finished-at="2020-04-16T15:42:27Z">
          <reporter-output>
          </reporter-output>
        </test-method> <!-- runOtherTest1 -->
        <test-method status="PASS" signature="runOtherTest2()[pri:0, instance:sort.TestDBConnection@340b7ef6]" name="runOtherTest2" duration-ms="0" started-at="2020-04-16T15:42:27Z" finished-at="2020-04-16T15:42:27Z">
          <reporter-output>
          </reporter-output>
        </test-method> <!-- runOtherTest2 -->
      </class> <!-- sort.TestDBConnection -->
      <class name="sort.DBConfig">
        <test-method status="PASS" signature="beforeSuite()[pri:0, instance:sort.DBConfig@11a7ba62]" name="beforeSuite" is-config="true" duration-ms="52" started-at="2020-04-16T15:42:27Z" finished-at="2020-04-16T15:42:27Z">
          <reporter-output>
          </reporter-output>
        </test-method> <!-- beforeSuite -->
        <test-method status="PASS" signature="beforeTest()[pri:0, instance:sort.DBConfig@11a7ba62]" name="beforeTest" is-config="true" duration-ms="0" started-at="2020-04-16T15:42:27Z" finished-at="2020-04-16T15:42:27Z">
          <reporter-output>
          </reporter-output>
        </test-method> <!-- beforeTest -->
        <test-method status="PASS" signature="afterTest()[pri:0, instance:sort.DBConfig@11a7ba62]" name="afterTest" is-config="true" duration-ms="0" started-at="2020-04-16T15:42:27Z" finished-at="2020-04-16T15:42:27Z">
          <reporter-output>
          </reporter-output>
        </test-method> <!-- afterTest -->
        <test-method status="PASS" signature="afterSuite()[pri:0, instance:sort.DBConfig@11a7ba62]" name="afterSuite" is-config="true" duration-ms="0" started-at="2020-04-16T15:42:27Z" finished-at="2020-04-16T15:42:27Z">
          <reporter-output>
          </reporter-output>
        </test-method> <!-- afterSuite -->
      </class> <!-- sort.DBConfig -->
    </test> <!-- E:/githubcode/Testng_test -->
  </suite> <!-- All Test Suite -->
</testng-results>
